
Showing logs for build [32mcb-kubecd-environment-pr-162-9-jrtgz-1[0m stage [32mfrom-build-pack[0m and container [32mstep-credential-initializer-z5sv7[0m
{"level":"warn","ts":1582007309.652975,"logger":"fallback-logger","caller":"logging/config.go:69","msg":"Fetch GitHub commit ID from kodata failed: \"ref: refs/heads/0.8.0-**-support-backwards-incompats\" is not a valid GitHub commit ID"}
{"level":"info","ts":1582007309.6551404,"logger":"fallback-logger","caller":"creds-init/main.go:40","msg":"Credentials initialized."}

Showing logs for build [32mcb-kubecd-environment-pr-162-9-jrtgz-1[0m stage [32mfrom-build-pack[0m and container [32mstep-working-dir-initializer-ffsbk[0m
{"level":"warn","ts":1582007310.3427463,"logger":"fallback-logger","caller":"logging/config.go:69","msg":"Fetch GitHub commit ID from kodata failed: open /var/run/ko/HEAD: no such file or directory"}
{"level":"info","ts":1582007310.349434,"logger":"fallback-logger","caller":"bash/main.go:64","msg":"Successfully executed command \"sh -c mkdir -p /workspace/source\"; output "}

Showing logs for build [32mcb-kubecd-environment-pr-162-9-jrtgz-1[0m stage [32mfrom-build-pack[0m and container [32mstep-place-tools[0m

Showing logs for build [32mcb-kubecd-environment-pr-162-9-jrtgz-1[0m stage [32mfrom-build-pack[0m and container [32mstep-git-source-cb-kubecd-environment-pr-162-9-jrtgz-2xrc5[0m
{"level":"warn","ts":1582007314.6165533,"logger":"fallback-logger","caller":"logging/config.go:69","msg":"Fetch GitHub commit ID from kodata failed: \"ref: refs/heads/0.8.0-**-support-backwards-incompats\" is not a valid GitHub commit ID"}
{"level":"info","ts":1582007315.7726796,"logger":"fallback-logger","caller":"git/git.go:103","msg":"Successfully cloned https://github.com/cb-kubecd/environment-pr-162-9-boot-gke-staging.git @ master in path /workspace/source"}

Showing logs for build [32mcb-kubecd-environment-pr-162-9-jrtgz-1[0m stage [32mfrom-build-pack[0m and container [32mstep-git-merge[0m
Using SHAs from PULL_REFS=master:8c1c84d6855a026b392c3ae22d47dba34a680139,1:97dcf4628dea4bf8996c20ed712c8b6b9274e454
DEBUG: LC_ALL=C JX_LOG_LEVEL=error git fetch origin --unshallow 97dcf4628dea4bf8996c20ed712c8b6b9274e454: 8c1c84d6855a026b392c3ae22d47dba34a680139:
DEBUG: ran git fetch --unshallow origin 97dcf4628dea4bf8996c20ed712c8b6b9274e454: 8c1c84d6855a026b392c3ae22d47dba34a680139: in 
DEBUG: LC_ALL=C JX_LOG_LEVEL=error git branch
DEBUG: JX_LOG_LEVEL=error LC_ALL=C git checkout master
DEBUG: ran git checkout master in 
DEBUG: LC_ALL=C JX_LOG_LEVEL=error git reset --hard 8c1c84d6855a026b392c3ae22d47dba34a680139
DEBUG: ran git reset --hard 8c1c84d6855a026b392c3ae22d47dba34a680139 in 
DEBUG: LC_ALL=C JX_LOG_LEVEL=error git clean -fd .
DEBUG: ran clean --force -d . in 
DEBUG: LC_ALL=C JX_LOG_LEVEL=error git merge 97dcf4628dea4bf8996c20ed712c8b6b9274e454
DEBUG: ran git merge 97dcf4628dea4bf8996c20ed712c8b6b9274e454 in 
DEBUG: LC_ALL=C JX_LOG_LEVEL=error git log --format=%H%x1f%an%x1f%ae%x1f%cn%x1f%ce%x1f%s%n%b%x1e 8c1c84d6855a026b392c3ae22d47dba34a680139..HEAD
Merged SHA 97dcf4628dea4bf8996c20ed712c8b6b9274e454 with commit message 'chore: Promote bdd-spring-1582007001 to version 0.0.1' into base branch master

Showing logs for build [32mcb-kubecd-environment-pr-162-9-jrtgz-1[0m stage [32mfrom-build-pack[0m and container [32mstep-build-helm-build[0m
WARNING: No $CHART_REPOSITORY defined so using the default value of: http://jenkins-x-chartmuseum:8080
Adding missing Helm repo: storage.googleapis.com https://storage.googleapis.com/chartmuseum.jenkins-x.io
WARNING: No secrets found on "helm/repos" due: reading the secret "helm/repos" from vault: no secret "helm/repos" not found in vault
Read credentials for https://storage.googleapis.com/chartmuseum.jenkins-x.io from vault helm/repos
Successfully added Helm repository storage.googleapis.com.
Adding missing Helm repo: jenkins-x-chartmuseum http://jenkins-x-chartmuseum:8080
WARNING: No secrets found on "helm/repos" due: reading the secret "helm/repos" from vault: no secret "helm/repos" not found in vault
Read credentials for http://jenkins-x-chartmuseum:8080 from vault helm/repos
Successfully added Helm repository jenkins-x-chartmuseum.
WARNING: No $CHART_REPOSITORY defined so using the default value of: http://jenkins-x-chartmuseum:8080
Adding missing Helm repo: chartmuseum.jenkins-x.io http://chartmuseum.jenkins-x.io
WARNING: No secrets found on "helm/repos" due: reading the secret "helm/repos" from vault: no secret "helm/repos" not found in vault
Read credentials for http://chartmuseum.jenkins-x.io from vault helm/repos
Successfully added Helm repository chartmuseum.jenkins-x.io.
