
Showing logs for build [32mcb-kubecd-environment-pr-162-9-98rrm-1[0m stage [32mfrom-build-pack[0m and container [32mstep-credential-initializer-nmdr6[0m
{"level":"warn","ts":1582012152.6183608,"logger":"fallback-logger","caller":"logging/config.go:69","msg":"Fetch GitHub commit ID from kodata failed: \"ref: refs/heads/0.8.0-**-support-backwards-incompats\" is not a valid GitHub commit ID"}
{"level":"info","ts":1582012152.6194081,"logger":"fallback-logger","caller":"creds-init/main.go:40","msg":"Credentials initialized."}

Showing logs for build [32mcb-kubecd-environment-pr-162-9-98rrm-1[0m stage [32mfrom-build-pack[0m and container [32mstep-working-dir-initializer-2cl9z[0m
{"level":"warn","ts":1582012154.1688824,"logger":"fallback-logger","caller":"logging/config.go:69","msg":"Fetch GitHub commit ID from kodata failed: open /var/run/ko/HEAD: no such file or directory"}
{"level":"info","ts":1582012154.1711054,"logger":"fallback-logger","caller":"bash/main.go:64","msg":"Successfully executed command \"sh -c mkdir -p /workspace/source\"; output "}

Showing logs for build [32mcb-kubecd-environment-pr-162-9-98rrm-1[0m stage [32mfrom-build-pack[0m and container [32mstep-place-tools[0m

Showing logs for build [32mcb-kubecd-environment-pr-162-9-98rrm-1[0m stage [32mfrom-build-pack[0m and container [32mstep-git-source-cb-kubecd-environment-pr-162-9-98rrm-45vnx[0m
{"level":"warn","ts":1582012160.455076,"logger":"fallback-logger","caller":"logging/config.go:69","msg":"Fetch GitHub commit ID from kodata failed: \"ref: refs/heads/0.8.0-**-support-backwards-incompats\" is not a valid GitHub commit ID"}
{"level":"info","ts":1582012161.6058273,"logger":"fallback-logger","caller":"git/git.go:103","msg":"Successfully cloned https://github.com/cb-kubecd/environment-pr-162-9-boot-gke-staging.git @ master in path /workspace/source"}

Showing logs for build [32mcb-kubecd-environment-pr-162-9-98rrm-1[0m stage [32mfrom-build-pack[0m and container [32mstep-git-merge[0m
Using SHAs from PULL_REFS=master:e992785dbd5d3a2d35c176a78763992b123e86b6,8:c4a86c7447b2c3a3e0f1398fa5bc3afa0ae51a02
DEBUG: LC_ALL=C JX_LOG_LEVEL=error git fetch origin --unshallow c4a86c7447b2c3a3e0f1398fa5bc3afa0ae51a02: e992785dbd5d3a2d35c176a78763992b123e86b6:
DEBUG: ran git fetch --unshallow origin c4a86c7447b2c3a3e0f1398fa5bc3afa0ae51a02: e992785dbd5d3a2d35c176a78763992b123e86b6: in 
DEBUG: JX_LOG_LEVEL=error LC_ALL=C git branch
DEBUG: LC_ALL=C JX_LOG_LEVEL=error git checkout master
DEBUG: ran git checkout master in 
DEBUG: LC_ALL=C JX_LOG_LEVEL=error git reset --hard e992785dbd5d3a2d35c176a78763992b123e86b6
DEBUG: ran git reset --hard e992785dbd5d3a2d35c176a78763992b123e86b6 in 
DEBUG: LC_ALL=C JX_LOG_LEVEL=error git clean -fd .
DEBUG: ran clean --force -d . in 
DEBUG: LC_ALL=C JX_LOG_LEVEL=error git merge c4a86c7447b2c3a3e0f1398fa5bc3afa0ae51a02
DEBUG: ran git merge c4a86c7447b2c3a3e0f1398fa5bc3afa0ae51a02 in 
DEBUG: LC_ALL=C JX_LOG_LEVEL=error git log --format=%H%x1f%an%x1f%ae%x1f%cn%x1f%ce%x1f%s%n%b%x1e e992785dbd5d3a2d35c176a78763992b123e86b6..HEAD
Merged SHA c4a86c7447b2c3a3e0f1398fa5bc3afa0ae51a02 with commit message 'chore: Promote bdd-ghf**y-import-1582010333 to version 0.0.1' into base branch master

Showing logs for build [32mcb-kubecd-environment-pr-162-9-98rrm-1[0m stage [32mfrom-build-pack[0m and container [32mstep-build-helm-build[0m
WARNING: No $CHART_REPOSITORY defined so using the default value of: http://jenkins-x-chartmuseum:8080
Adding missing Helm repo: storage.googleapis.com https://storage.googleapis.com/chartmuseum.jenkins-x.io
WARNING: No secrets found on "helm/repos" due: reading the secret "helm/repos" from vault: no secret "helm/repos" not found in vault
Read credentials for https://storage.googleapis.com/chartmuseum.jenkins-x.io from vault helm/repos
Successfully added Helm repository storage.googleapis.com.
Adding missing Helm repo: jenkins-x-chartmuseum http://jenkins-x-chartmuseum:8080
WARNING: No secrets found on "helm/repos" due: reading the secret "helm/repos" from vault: no secret "helm/repos" not found in vault
Read credentials for http://jenkins-x-chartmuseum:8080 from vault helm/repos
Successfully added Helm repository jenkins-x-chartmuseum.
WARNING: No $CHART_REPOSITORY defined so using the default value of: http://jenkins-x-chartmuseum:8080
Adding missing Helm repo: chartmuseum.jenkins-x.io http://chartmuseum.jenkins-x.io
WARNING: No secrets found on "helm/repos" due: reading the secret "helm/repos" from vault: no secret "helm/repos" not found in vault
Read credentials for http://chartmuseum.jenkins-x.io from vault helm/repos
Successfully added Helm repository chartmuseum.jenkins-x.io.
